<?xml version="1.0" encoding="UTF-8"?>
<robot generator="Robot 3.2.2 (Python 3.7.7 on win32)" generated="20210125 10:56:02.895" rpa="false">
<suite id="s1" name="TestCase" source="D:\RobertFramework\TestCases\TestCase.robot">
<kw name="Open my browser" library="login_resource" type="setup">
<kw name="Open Browser" library="SeleniumLibrary">
<doc>Opens a new browser instance to the optional ``url``.</doc>
<arguments>
<arg>${url}</arg>
<arg>${browser}</arg>
</arguments>
<msg timestamp="20210125 10:56:03.098" level="INFO">Opening browser 'chrome' to base url 'https://opensource-demo.orangehrmlive.com/'.</msg>
<status status="PASS" starttime="20210125 10:56:03.098" endtime="20210125 10:56:08.169"></status>
</kw>
<status status="PASS" starttime="20210125 10:56:03.098" endtime="20210125 10:56:08.169"></status>
</kw>
<test id="s1-t1" name="Right user wrong pass">
<kw name="Invalid login">
<arguments>
<arg>Admin</arg>
<arg>xyz</arg>
</arguments>
<kw name="check for page contains" library="login_resource">
<kw name="Wait Until Page Contains" library="SeleniumLibrary">
<doc>Waits until ``text`` appears on the current page.</doc>
<arguments>
<arg>LOGIN Panel</arg>
</arguments>
<status status="PASS" starttime="20210125 10:56:08.172" endtime="20210125 10:56:08.192"></status>
</kw>
<status status="PASS" starttime="20210125 10:56:08.172" endtime="20210125 10:56:08.193"></status>
</kw>
<kw name="check for username and password" library="login_resource">
<arguments>
<arg>${username}</arg>
<arg>${password}</arg>
</arguments>
<kw name="Input Text" library="SeleniumLibrary">
<doc>Types the given ``text`` into the text field identified by ``locator``.</doc>
<arguments>
<arg>id:txtUsername</arg>
<arg>${username}</arg>
</arguments>
<msg timestamp="20210125 10:56:08.193" level="INFO">Typing text 'Admin' into text field 'id:txtUsername'.</msg>
<status status="PASS" starttime="20210125 10:56:08.193" endtime="20210125 10:56:08.271"></status>
</kw>
<kw name="Input Text" library="SeleniumLibrary">
<doc>Types the given ``text`` into the text field identified by ``locator``.</doc>
<arguments>
<arg>id:txtPassword</arg>
<arg>${password}</arg>
</arguments>
<msg timestamp="20210125 10:56:08.271" level="INFO">Typing text 'xyz' into text field 'id:txtPassword'.</msg>
<status status="PASS" starttime="20210125 10:56:08.271" endtime="20210125 10:56:08.344"></status>
</kw>
<status status="PASS" starttime="20210125 10:56:08.193" endtime="20210125 10:56:08.344"></status>
</kw>
<kw name="Click login button" library="login_resource">
<kw name="Click Element" library="SeleniumLibrary">
<doc>Click the element identified by ``locator``.</doc>
<arguments>
<arg>id:btnLogin</arg>
</arguments>
<msg timestamp="20210125 10:56:08.345" level="INFO">Clicking element 'id:btnLogin'.</msg>
<status status="PASS" starttime="20210125 10:56:08.345" endtime="20210125 10:56:09.775"></status>
</kw>
<status status="PASS" starttime="20210125 10:56:08.344" endtime="20210125 10:56:09.776"></status>
</kw>
<kw name="Error msg" library="login_resource">
<kw name="Page Should Contain" library="SeleniumLibrary">
<doc>Verifies that current page contains ``text``.</doc>
<arguments>
<arg>Invalid credentials</arg>
</arguments>
<msg timestamp="20210125 10:56:09.799" level="INFO">Current page contains text 'Invalid credentials'.</msg>
<status status="PASS" starttime="20210125 10:56:09.777" endtime="20210125 10:56:09.799"></status>
</kw>
<status status="PASS" starttime="20210125 10:56:09.776" endtime="20210125 10:56:09.800"></status>
</kw>
<status status="PASS" starttime="20210125 10:56:08.171" endtime="20210125 10:56:09.800"></status>
</kw>
<status status="PASS" starttime="20210125 10:56:08.170" endtime="20210125 10:56:09.800" critical="yes"></status>
</test>
<test id="s1-t2" name="Wrong user right pass">
<kw name="Invalid login">
<arguments>
<arg>xyz</arg>
<arg>admin123</arg>
</arguments>
<kw name="check for page contains" library="login_resource">
<kw name="Wait Until Page Contains" library="SeleniumLibrary">
<doc>Waits until ``text`` appears on the current page.</doc>
<arguments>
<arg>LOGIN Panel</arg>
</arguments>
<status status="PASS" starttime="20210125 10:56:09.803" endtime="20210125 10:56:09.811"></status>
</kw>
<status status="PASS" starttime="20210125 10:56:09.803" endtime="20210125 10:56:09.811"></status>
</kw>
<kw name="check for username and password" library="login_resource">
<arguments>
<arg>${username}</arg>
<arg>${password}</arg>
</arguments>
<kw name="Input Text" library="SeleniumLibrary">
<doc>Types the given ``text`` into the text field identified by ``locator``.</doc>
<arguments>
<arg>id:txtUsername</arg>
<arg>${username}</arg>
</arguments>
<msg timestamp="20210125 10:56:09.812" level="INFO">Typing text 'xyz' into text field 'id:txtUsername'.</msg>
<status status="PASS" starttime="20210125 10:56:09.811" endtime="20210125 10:56:09.881"></status>
</kw>
<kw name="Input Text" library="SeleniumLibrary">
<doc>Types the given ``text`` into the text field identified by ``locator``.</doc>
<arguments>
<arg>id:txtPassword</arg>
<arg>${password}</arg>
</arguments>
<msg timestamp="20210125 10:56:09.882" level="INFO">Typing text 'admin123' into text field 'id:txtPassword'.</msg>
<status status="PASS" starttime="20210125 10:56:09.882" endtime="20210125 10:56:09.952"></status>
</kw>
<status status="PASS" starttime="20210125 10:56:09.811" endtime="20210125 10:56:09.952"></status>
</kw>
<kw name="Click login button" library="login_resource">
<kw name="Click Element" library="SeleniumLibrary">
<doc>Click the element identified by ``locator``.</doc>
<arguments>
<arg>id:btnLogin</arg>
</arguments>
<msg timestamp="20210125 10:56:09.953" level="INFO">Clicking element 'id:btnLogin'.</msg>
<status status="PASS" starttime="20210125 10:56:09.953" endtime="20210125 10:56:10.706"></status>
</kw>
<status status="PASS" starttime="20210125 10:56:09.952" endtime="20210125 10:56:10.706"></status>
</kw>
<kw name="Error msg" library="login_resource">
<kw name="Page Should Contain" library="SeleniumLibrary">
<doc>Verifies that current page contains ``text``.</doc>
<arguments>
<arg>Invalid credentials</arg>
</arguments>
<msg timestamp="20210125 10:56:10.723" level="INFO">Current page contains text 'Invalid credentials'.</msg>
<status status="PASS" starttime="20210125 10:56:10.707" endtime="20210125 10:56:10.723"></status>
</kw>
<status status="PASS" starttime="20210125 10:56:10.706" endtime="20210125 10:56:10.723"></status>
</kw>
<status status="PASS" starttime="20210125 10:56:09.802" endtime="20210125 10:56:10.723"></status>
</kw>
<status status="PASS" starttime="20210125 10:56:09.802" endtime="20210125 10:56:10.724" critical="yes"></status>
</test>
<test id="s1-t3" name="Wrong user wrong pass">
<kw name="Invalid login">
<arguments>
<arg>xyz</arg>
<arg>xyz</arg>
</arguments>
<kw name="check for page contains" library="login_resource">
<kw name="Wait Until Page Contains" library="SeleniumLibrary">
<doc>Waits until ``text`` appears on the current page.</doc>
<arguments>
<arg>LOGIN Panel</arg>
</arguments>
<status status="PASS" starttime="20210125 10:56:10.726" endtime="20210125 10:56:10.735"></status>
</kw>
<status status="PASS" starttime="20210125 10:56:10.726" endtime="20210125 10:56:10.735"></status>
</kw>
<kw name="check for username and password" library="login_resource">
<arguments>
<arg>${username}</arg>
<arg>${password}</arg>
</arguments>
<kw name="Input Text" library="SeleniumLibrary">
<doc>Types the given ``text`` into the text field identified by ``locator``.</doc>
<arguments>
<arg>id:txtUsername</arg>
<arg>${username}</arg>
</arguments>
<msg timestamp="20210125 10:56:10.736" level="INFO">Typing text 'xyz' into text field 'id:txtUsername'.</msg>
<status status="PASS" starttime="20210125 10:56:10.736" endtime="20210125 10:56:10.808"></status>
</kw>
<kw name="Input Text" library="SeleniumLibrary">
<doc>Types the given ``text`` into the text field identified by ``locator``.</doc>
<arguments>
<arg>id:txtPassword</arg>
<arg>${password}</arg>
</arguments>
<msg timestamp="20210125 10:56:10.809" level="INFO">Typing text 'xyz' into text field 'id:txtPassword'.</msg>
<status status="PASS" starttime="20210125 10:56:10.808" endtime="20210125 10:56:10.877"></status>
</kw>
<status status="PASS" starttime="20210125 10:56:10.735" endtime="20210125 10:56:10.878"></status>
</kw>
<kw name="Click login button" library="login_resource">
<kw name="Click Element" library="SeleniumLibrary">
<doc>Click the element identified by ``locator``.</doc>
<arguments>
<arg>id:btnLogin</arg>
</arguments>
<msg timestamp="20210125 10:56:10.878" level="INFO">Clicking element 'id:btnLogin'.</msg>
<status status="PASS" starttime="20210125 10:56:10.878" endtime="20210125 10:56:11.646"></status>
</kw>
<status status="PASS" starttime="20210125 10:56:10.878" endtime="20210125 10:56:11.646"></status>
</kw>
<kw name="Error msg" library="login_resource">
<kw name="Page Should Contain" library="SeleniumLibrary">
<doc>Verifies that current page contains ``text``.</doc>
<arguments>
<arg>Invalid credentials</arg>
</arguments>
<msg timestamp="20210125 10:56:11.661" level="INFO">Current page contains text 'Invalid credentials'.</msg>
<status status="PASS" starttime="20210125 10:56:11.646" endtime="20210125 10:56:11.661"></status>
</kw>
<status status="PASS" starttime="20210125 10:56:11.646" endtime="20210125 10:56:11.661"></status>
</kw>
<status status="PASS" starttime="20210125 10:56:10.726" endtime="20210125 10:56:11.662"></status>
</kw>
<status status="PASS" starttime="20210125 10:56:10.725" endtime="20210125 10:56:11.662" critical="yes"></status>
</test>
<kw name="Close my browser" library="login_resource" type="teardown">
<kw name="Close Browser" library="SeleniumLibrary">
<doc>Closes the current browser.</doc>
<status status="PASS" starttime="20210125 10:56:11.666" endtime="20210125 10:56:13.759"></status>
</kw>
<status status="PASS" starttime="20210125 10:56:11.665" endtime="20210125 10:56:13.759"></status>
</kw>
<status status="PASS" starttime="20210125 10:56:02.895" endtime="20210125 10:56:13.759"></status>
</suite>
<statistics>
<total>
<stat pass="3" fail="0">Critical Tests</stat>
<stat pass="3" fail="0">All Tests</stat>
</total>
<tag>
</tag>
<suite>
<stat pass="3" fail="0" id="s1" name="TestCase">TestCase</stat>
</suite>
</statistics>
<errors>
</errors>
</robot>
